18:56:15 INFO  : Registering command handlers for SDK TCF services
18:56:15 INFO  : Launching XSCT server: xsct.bat -interactive D:\FPGA\Z7010_MINI\z7010_uart\z7010_uart.sdk\temp_xsdb_launch_script.tcl
18:56:16 INFO  : XSCT server has started successfully.
18:56:16 INFO  : Successfully done setting XSCT server connection channel  
18:56:17 INFO  : Successfully done setting SDK workspace  
18:56:17 INFO  : Processing command line option -hwspec D:/FPGA/Z7010_MINI/z7010_uart/z7010_uart.sdk/system_wrapper.hdf.
19:00:36 INFO  : Launching XSCT server: xsct.bat -interactive D:\FPGA\Z7010_MINI\z7010_uart\z7010_uart.sdk\temp_xsdb_launch_script.tcl
19:00:37 INFO  : XSCT server has started successfully.
19:00:37 INFO  : Successfully done setting XSCT server connection channel  
19:00:38 INFO  : Successfully done setting SDK workspace  
19:00:39 INFO  : Registering command handlers for SDK TCF services
19:00:39 INFO  : Processing command line option -hwspec D:/FPGA/Z7010_MINI/z7010_uart/z7010_uart.sdk/system_wrapper.hdf.
19:00:40 INFO  : Checking for hwspec changes in the project system_wrapper_hw_platform_0.
22:39:57 INFO  : Registering command handlers for SDK TCF services
22:39:58 INFO  : Launching XSCT server: xsct.bat -interactive D:\FPGA\Z7010_MINI\z7010_uart\z7010_uart.sdk\temp_xsdb_launch_script.tcl
22:40:00 INFO  : XSCT server has started successfully.
22:40:00 INFO  : Successfully done setting XSCT server connection channel  
22:40:00 INFO  : Successfully done setting SDK workspace  
22:40:00 INFO  : Processing command line option -hwspec D:/FPGA/Z7010_MINI/z7010_uart/z7010_uart.sdk/system_wrapper.hdf.
22:40:00 INFO  : Checking for hwspec changes in the project system_wrapper_hw_platform_0.
22:41:08 INFO  : 'targets -set -filter {jtag_cable_name =~ "Digilent JTAG-SMT2 210251A08870" && level==0} -index 1' command is executed.
22:41:08 INFO  : 'fpga -state' command is executed.
22:41:14 INFO  : Connected to target on host '127.0.0.1' and port '3121'.
22:41:14 INFO  : Jtag cable 'Digilent JTAG-SMT2 210251A08870' is selected.
22:41:14 INFO  : 'jtag frequency' command is executed.
22:41:14 INFO  : Sourcing of 'D:/FPGA/Z7010_MINI/z7010_uart/z7010_uart.sdk/system_wrapper_hw_platform_0/ps7_init.tcl' is done.
22:41:14 INFO  : Context for 'APU' is selected.
22:41:14 INFO  : Hardware design information is loaded from 'D:/FPGA/Z7010_MINI/z7010_uart/z7010_uart.sdk/system_wrapper_hw_platform_0/system.hdf'.
22:41:14 INFO  : 'configparams force-mem-access 1' command is executed.
22:41:14 INFO  : Context for 'APU' is selected.
22:41:14 INFO  : 'stop' command is executed.
22:41:14 INFO  : 'ps7_init' command is executed.
22:41:15 INFO  : 'ps7_post_config' command is executed.
22:41:15 INFO  : Context for processor 'ps7_cortexa9_0' is selected.
22:41:15 INFO  : Processor reset is completed for 'ps7_cortexa9_0'.
22:41:15 INFO  : Context for processor 'ps7_cortexa9_0' is selected.
22:41:15 INFO  : The application 'D:/FPGA/Z7010_MINI/z7010_uart/z7010_uart.sdk/z7010_demo/Debug/z7010_demo.elf' is downloaded to processor 'ps7_cortexa9_0'.
22:41:15 INFO  : 'configparams force-mem-access 0' command is executed.
22:41:15 INFO  : ----------------XSDB Script----------------
connect -url tcp:127.0.0.1:3121
source D:/FPGA/Z7010_MINI/z7010_uart/z7010_uart.sdk/system_wrapper_hw_platform_0/ps7_init.tcl
targets -set -nocase -filter {name =~"APU*" && jtag_cable_name =~ "Digilent JTAG-SMT2 210251A08870"} -index 0
loadhw -hw D:/FPGA/Z7010_MINI/z7010_uart/z7010_uart.sdk/system_wrapper_hw_platform_0/system.hdf -mem-ranges [list {0x40000000 0xbfffffff}]
configparams force-mem-access 1
targets -set -nocase -filter {name =~"APU*" && jtag_cable_name =~ "Digilent JTAG-SMT2 210251A08870"} -index 0
stop
ps7_init
ps7_post_config
targets -set -nocase -filter {name =~ "ARM*#0" && jtag_cable_name =~ "Digilent JTAG-SMT2 210251A08870"} -index 0
rst -processor
targets -set -nocase -filter {name =~ "ARM*#0" && jtag_cable_name =~ "Digilent JTAG-SMT2 210251A08870"} -index 0
dow D:/FPGA/Z7010_MINI/z7010_uart/z7010_uart.sdk/z7010_demo/Debug/z7010_demo.elf
configparams force-mem-access 0
----------------End of Script----------------

22:41:15 INFO  : Memory regions updated for context APU
22:41:15 INFO  : Context for processor 'ps7_cortexa9_0' is selected.
22:41:15 INFO  : 'con' command is executed.
22:41:15 INFO  : ----------------XSDB Script (After Launch)----------------
targets -set -nocase -filter {name =~ "ARM*#0" && jtag_cable_name =~ "Digilent JTAG-SMT2 210251A08870"} -index 0
con
----------------End of Script----------------

22:41:15 INFO  : Launch script is exported to file 'D:\FPGA\Z7010_MINI\z7010_uart\z7010_uart.sdk\.sdk\launch_scripts\xilinx_c-c++_application_(system_debugger)\system_debugger_using_debug_z7010_demo.elf_on_local.tcl'
22:42:21 INFO  : Disconnected from the channel tcfchan#1.
22:42:22 INFO  : 'targets -set -filter {jtag_cable_name =~ "Digilent JTAG-SMT2 210251A08870" && level==0} -index 1' command is executed.
22:42:22 INFO  : 'fpga -state' command is executed.
22:42:23 INFO  : Connected to target on host '127.0.0.1' and port '3121'.
22:42:23 INFO  : Jtag cable 'Digilent JTAG-SMT2 210251A08870' is selected.
22:42:23 INFO  : 'jtag frequency' command is executed.
22:42:23 INFO  : Sourcing of 'D:/FPGA/Z7010_MINI/z7010_uart/z7010_uart.sdk/system_wrapper_hw_platform_0/ps7_init.tcl' is done.
22:42:23 INFO  : Context for 'APU' is selected.
22:42:24 INFO  : Hardware design information is loaded from 'D:/FPGA/Z7010_MINI/z7010_uart/z7010_uart.sdk/system_wrapper_hw_platform_0/system.hdf'.
22:42:24 INFO  : 'configparams force-mem-access 1' command is executed.
22:42:24 INFO  : Context for 'APU' is selected.
22:42:24 INFO  : 'stop' command is executed.
22:42:25 INFO  : 'ps7_init' command is executed.
22:42:25 INFO  : 'ps7_post_config' command is executed.
22:42:25 INFO  : Context for processor 'ps7_cortexa9_0' is selected.
22:42:25 INFO  : Processor reset is completed for 'ps7_cortexa9_0'.
22:42:25 INFO  : Context for processor 'ps7_cortexa9_0' is selected.
22:42:27 ERROR : Memory write error at 0x100000. APB AP transaction error, DAP status f0000021
22:42:27 INFO  : ----------------XSDB Script----------------
connect -url tcp:127.0.0.1:3121
source D:/FPGA/Z7010_MINI/z7010_uart/z7010_uart.sdk/system_wrapper_hw_platform_0/ps7_init.tcl
targets -set -nocase -filter {name =~"APU*" && jtag_cable_name =~ "Digilent JTAG-SMT2 210251A08870"} -index 0
loadhw -hw D:/FPGA/Z7010_MINI/z7010_uart/z7010_uart.sdk/system_wrapper_hw_platform_0/system.hdf -mem-ranges [list {0x40000000 0xbfffffff}]
configparams force-mem-access 1
targets -set -nocase -filter {name =~"APU*" && jtag_cable_name =~ "Digilent JTAG-SMT2 210251A08870"} -index 0
stop
ps7_init
ps7_post_config
targets -set -nocase -filter {name =~ "ARM*#0" && jtag_cable_name =~ "Digilent JTAG-SMT2 210251A08870"} -index 0
rst -processor
targets -set -nocase -filter {name =~ "ARM*#0" && jtag_cable_name =~ "Digilent JTAG-SMT2 210251A08870"} -index 0
dow D:/FPGA/Z7010_MINI/z7010_uart/z7010_uart.sdk/z7010_demo/Debug/z7010_demo.elf
----------------End of Script----------------

22:42:34 INFO  : 'targets -set -filter {jtag_cable_name =~ "Digilent JTAG-SMT2 210251A08870" && level==0} -index 1' command is executed.
22:42:34 INFO  : 'fpga -state' command is executed.
22:42:40 INFO  : Memory regions updated for context APU
22:43:12 INFO  : 'targets -set -filter {jtag_cable_name =~ "Digilent JTAG-SMT2 210251A08870" && level==0} -index 1' command is executed.
22:43:12 INFO  : 'fpga -state' command is executed.
22:43:18 INFO  : Connected to target on host '127.0.0.1' and port '3121'.
22:43:18 INFO  : Jtag cable 'Digilent JTAG-SMT2 210251A08870' is selected.
22:43:18 INFO  : 'jtag frequency' command is executed.
22:43:18 INFO  : Sourcing of 'D:/FPGA/Z7010_MINI/z7010_uart/z7010_uart.sdk/system_wrapper_hw_platform_0/ps7_init.tcl' is done.
22:43:18 INFO  : Context for 'APU' is selected.
22:43:18 INFO  : Hardware design information is loaded from 'D:/FPGA/Z7010_MINI/z7010_uart/z7010_uart.sdk/system_wrapper_hw_platform_0/system.hdf'.
22:43:18 INFO  : 'configparams force-mem-access 1' command is executed.
22:43:18 INFO  : Context for 'APU' is selected.
22:43:18 INFO  : 'stop' command is executed.
22:43:18 INFO  : 'ps7_init' command is executed.
22:43:18 INFO  : 'ps7_post_config' command is executed.
22:43:18 INFO  : Context for processor 'ps7_cortexa9_0' is selected.
22:43:18 INFO  : Processor reset is completed for 'ps7_cortexa9_0'.
22:43:18 INFO  : Context for processor 'ps7_cortexa9_0' is selected.
22:43:18 INFO  : The application 'D:/FPGA/Z7010_MINI/z7010_uart/z7010_uart.sdk/z7010_demo/Debug/z7010_demo.elf' is downloaded to processor 'ps7_cortexa9_0'.
22:43:18 INFO  : 'configparams force-mem-access 0' command is executed.
22:43:18 INFO  : ----------------XSDB Script----------------
connect -url tcp:127.0.0.1:3121
source D:/FPGA/Z7010_MINI/z7010_uart/z7010_uart.sdk/system_wrapper_hw_platform_0/ps7_init.tcl
targets -set -nocase -filter {name =~"APU*" && jtag_cable_name =~ "Digilent JTAG-SMT2 210251A08870"} -index 0
loadhw -hw D:/FPGA/Z7010_MINI/z7010_uart/z7010_uart.sdk/system_wrapper_hw_platform_0/system.hdf -mem-ranges [list {0x40000000 0xbfffffff}]
configparams force-mem-access 1
targets -set -nocase -filter {name =~"APU*" && jtag_cable_name =~ "Digilent JTAG-SMT2 210251A08870"} -index 0
stop
ps7_init
ps7_post_config
targets -set -nocase -filter {name =~ "ARM*#0" && jtag_cable_name =~ "Digilent JTAG-SMT2 210251A08870"} -index 0
rst -processor
targets -set -nocase -filter {name =~ "ARM*#0" && jtag_cable_name =~ "Digilent JTAG-SMT2 210251A08870"} -index 0
dow D:/FPGA/Z7010_MINI/z7010_uart/z7010_uart.sdk/z7010_demo/Debug/z7010_demo.elf
configparams force-mem-access 0
----------------End of Script----------------

22:43:19 INFO  : Memory regions updated for context APU
22:43:19 INFO  : Context for processor 'ps7_cortexa9_0' is selected.
22:43:19 INFO  : 'con' command is executed.
22:43:19 INFO  : ----------------XSDB Script (After Launch)----------------
targets -set -nocase -filter {name =~ "ARM*#0" && jtag_cable_name =~ "Digilent JTAG-SMT2 210251A08870"} -index 0
con
----------------End of Script----------------

22:43:19 INFO  : Launch script is exported to file 'D:\FPGA\Z7010_MINI\z7010_uart\z7010_uart.sdk\.sdk\launch_scripts\xilinx_c-c++_application_(system_debugger)\system_debugger_using_debug_z7010_demo.elf_on_local.tcl'
22:44:13 INFO  : Disconnected from the channel tcfchan#2.
22:44:24 INFO  : Registering command handlers for SDK TCF services
22:44:25 INFO  : Launching XSCT server: xsct.bat -interactive D:\FPGA\Z7010_MINI\z7010_uart\z7010_uart.sdk\temp_xsdb_launch_script.tcl
22:44:27 INFO  : XSCT server has started successfully.
22:44:27 INFO  : Successfully done setting XSCT server connection channel  
22:44:27 INFO  : Successfully done setting SDK workspace  
22:44:27 INFO  : Processing command line option -hwspec D:/FPGA/Z7010_MINI/z7010_uart/z7010_uart.sdk/system_wrapper.hdf.
22:44:27 INFO  : Checking for hwspec changes in the project system_wrapper_hw_platform_0.
22:44:48 INFO  : 'targets -set -filter {jtag_cable_name =~ "Digilent JTAG-SMT2 210251A08870" && level==0} -index 1' command is executed.
22:44:48 INFO  : 'fpga -state' command is executed.
22:44:53 INFO  : Connected to target on host '127.0.0.1' and port '3121'.
22:44:53 INFO  : Jtag cable 'Digilent JTAG-SMT2 210251A08870' is selected.
22:44:53 INFO  : 'jtag frequency' command is executed.
22:44:53 INFO  : Sourcing of 'D:/FPGA/Z7010_MINI/z7010_uart/z7010_uart.sdk/system_wrapper_hw_platform_0/ps7_init.tcl' is done.
22:44:53 INFO  : Context for 'APU' is selected.
22:44:53 INFO  : Hardware design information is loaded from 'D:/FPGA/Z7010_MINI/z7010_uart/z7010_uart.sdk/system_wrapper_hw_platform_0/system.hdf'.
22:44:53 INFO  : 'configparams force-mem-access 1' command is executed.
22:44:53 INFO  : Context for 'APU' is selected.
22:44:53 INFO  : 'stop' command is executed.
22:44:54 INFO  : 'ps7_init' command is executed.
22:44:54 INFO  : 'ps7_post_config' command is executed.
22:44:54 INFO  : Context for processor 'ps7_cortexa9_0' is selected.
22:44:54 INFO  : Processor reset is completed for 'ps7_cortexa9_0'.
22:44:54 INFO  : Context for processor 'ps7_cortexa9_0' is selected.
22:44:56 ERROR : Memory write error at 0x100000. APB AP transaction error, DAP status f0000021
22:44:56 INFO  : ----------------XSDB Script----------------
connect -url tcp:127.0.0.1:3121
source D:/FPGA/Z7010_MINI/z7010_uart/z7010_uart.sdk/system_wrapper_hw_platform_0/ps7_init.tcl
targets -set -nocase -filter {name =~"APU*" && jtag_cable_name =~ "Digilent JTAG-SMT2 210251A08870"} -index 0
loadhw -hw D:/FPGA/Z7010_MINI/z7010_uart/z7010_uart.sdk/system_wrapper_hw_platform_0/system.hdf -mem-ranges [list {0x40000000 0xbfffffff}]
configparams force-mem-access 1
targets -set -nocase -filter {name =~"APU*" && jtag_cable_name =~ "Digilent JTAG-SMT2 210251A08870"} -index 0
stop
ps7_init
ps7_post_config
targets -set -nocase -filter {name =~ "ARM*#0" && jtag_cable_name =~ "Digilent JTAG-SMT2 210251A08870"} -index 0
rst -processor
targets -set -nocase -filter {name =~ "ARM*#0" && jtag_cable_name =~ "Digilent JTAG-SMT2 210251A08870"} -index 0
dow D:/FPGA/Z7010_MINI/z7010_uart/z7010_uart.sdk/z7010_demo/Debug/z7010_demo.elf
----------------End of Script----------------

22:44:56 INFO  : 'targets -set -filter {jtag_cable_name =~ "Digilent JTAG-SMT2 210251A08870" && level==0} -index 1' command is executed.
22:44:56 INFO  : 'fpga -state' command is executed.
22:44:58 INFO  : Connected to target on host '127.0.0.1' and port '3121'.
22:44:58 INFO  : Jtag cable 'Digilent JTAG-SMT2 210251A08870' is selected.
22:44:58 INFO  : 'jtag frequency' command is executed.
22:44:58 INFO  : Sourcing of 'D:/FPGA/Z7010_MINI/z7010_uart/z7010_uart.sdk/system_wrapper_hw_platform_0/ps7_init.tcl' is done.
22:44:58 INFO  : Context for 'APU' is selected.
22:44:58 INFO  : Hardware design information is loaded from 'D:/FPGA/Z7010_MINI/z7010_uart/z7010_uart.sdk/system_wrapper_hw_platform_0/system.hdf'.
22:44:58 INFO  : 'configparams force-mem-access 1' command is executed.
22:44:58 INFO  : Context for 'APU' is selected.
22:44:58 INFO  : 'stop' command is executed.
22:44:58 ERROR : AP transaction error, DAP status f0000021
22:44:58 INFO  : ----------------XSDB Script----------------
connect -url tcp:127.0.0.1:3121
source D:/FPGA/Z7010_MINI/z7010_uart/z7010_uart.sdk/system_wrapper_hw_platform_0/ps7_init.tcl
targets -set -nocase -filter {name =~"APU*" && jtag_cable_name =~ "Digilent JTAG-SMT2 210251A08870"} -index 0
loadhw -hw D:/FPGA/Z7010_MINI/z7010_uart/z7010_uart.sdk/system_wrapper_hw_platform_0/system.hdf -mem-ranges [list {0x40000000 0xbfffffff}]
configparams force-mem-access 1
targets -set -nocase -filter {name =~"APU*" && jtag_cable_name =~ "Digilent JTAG-SMT2 210251A08870"} -index 0
stop
ps7_init
----------------End of Script----------------

22:45:25 INFO  : 'targets -set -filter {jtag_cable_name =~ "Digilent JTAG-SMT2 210251A08870" && level==0} -index 1' command is executed.
22:45:25 INFO  : 'fpga -state' command is executed.
22:45:29 INFO  : Connected to target on host '127.0.0.1' and port '3121'.
22:45:29 INFO  : Jtag cable 'Digilent JTAG-SMT2 210251A08870' is selected.
22:45:29 INFO  : 'jtag frequency' command is executed.
22:45:29 INFO  : Sourcing of 'D:/FPGA/Z7010_MINI/z7010_uart/z7010_uart.sdk/system_wrapper_hw_platform_0/ps7_init.tcl' is done.
22:45:29 INFO  : Context for 'APU' is selected.
22:45:29 INFO  : Hardware design information is loaded from 'D:/FPGA/Z7010_MINI/z7010_uart/z7010_uart.sdk/system_wrapper_hw_platform_0/system.hdf'.
22:45:29 INFO  : 'configparams force-mem-access 1' command is executed.
22:45:29 INFO  : Context for 'APU' is selected.
22:45:29 INFO  : 'stop' command is executed.
22:45:29 ERROR : AP transaction error, DAP status f0000021
22:45:29 INFO  : ----------------XSDB Script----------------
connect -url tcp:127.0.0.1:3121
source D:/FPGA/Z7010_MINI/z7010_uart/z7010_uart.sdk/system_wrapper_hw_platform_0/ps7_init.tcl
targets -set -nocase -filter {name =~"APU*" && jtag_cable_name =~ "Digilent JTAG-SMT2 210251A08870"} -index 0
loadhw -hw D:/FPGA/Z7010_MINI/z7010_uart/z7010_uart.sdk/system_wrapper_hw_platform_0/system.hdf -mem-ranges [list {0x40000000 0xbfffffff}]
configparams force-mem-access 1
targets -set -nocase -filter {name =~"APU*" && jtag_cable_name =~ "Digilent JTAG-SMT2 210251A08870"} -index 0
stop
ps7_init
----------------End of Script----------------

22:46:57 INFO  : 'targets -set -filter {jtag_cable_name =~ "Digilent JTAG-SMT2 210251A08870" && level==0} -index 1' command is executed.
22:46:57 INFO  : 'fpga -state' command is executed.
22:47:20 INFO  : Connected to target on host '127.0.0.1' and port '3121'.
22:47:20 INFO  : Jtag cable 'Digilent JTAG-SMT2 210251A08870' is selected.
22:47:20 INFO  : 'jtag frequency' command is executed.
22:47:20 INFO  : Sourcing of 'D:/FPGA/Z7010_MINI/z7010_uart/z7010_uart.sdk/system_wrapper_hw_platform_0/ps7_init.tcl' is done.
22:47:20 INFO  : Context for 'APU' is selected.
22:47:20 INFO  : Hardware design information is loaded from 'D:/FPGA/Z7010_MINI/z7010_uart/z7010_uart.sdk/system_wrapper_hw_platform_0/system.hdf'.
22:47:20 INFO  : 'configparams force-mem-access 1' command is executed.
22:47:20 INFO  : Context for 'APU' is selected.
22:47:20 INFO  : 'stop' command is executed.
22:47:20 INFO  : 'ps7_init' command is executed.
22:47:20 INFO  : 'ps7_post_config' command is executed.
22:47:20 INFO  : Context for processor 'ps7_cortexa9_0' is selected.
22:47:21 INFO  : Processor reset is completed for 'ps7_cortexa9_0'.
22:47:21 INFO  : Context for processor 'ps7_cortexa9_0' is selected.
22:47:21 INFO  : The application 'D:/FPGA/Z7010_MINI/z7010_uart/z7010_uart.sdk/z7010_demo/Debug/z7010_demo.elf' is downloaded to processor 'ps7_cortexa9_0'.
22:47:21 INFO  : 'configparams force-mem-access 0' command is executed.
22:47:21 INFO  : ----------------XSDB Script----------------
connect -url tcp:127.0.0.1:3121
source D:/FPGA/Z7010_MINI/z7010_uart/z7010_uart.sdk/system_wrapper_hw_platform_0/ps7_init.tcl
targets -set -nocase -filter {name =~"APU*" && jtag_cable_name =~ "Digilent JTAG-SMT2 210251A08870"} -index 0
loadhw -hw D:/FPGA/Z7010_MINI/z7010_uart/z7010_uart.sdk/system_wrapper_hw_platform_0/system.hdf -mem-ranges [list {0x40000000 0xbfffffff}]
configparams force-mem-access 1
targets -set -nocase -filter {name =~"APU*" && jtag_cable_name =~ "Digilent JTAG-SMT2 210251A08870"} -index 0
stop
ps7_init
ps7_post_config
targets -set -nocase -filter {name =~ "ARM*#0" && jtag_cable_name =~ "Digilent JTAG-SMT2 210251A08870"} -index 0
rst -processor
targets -set -nocase -filter {name =~ "ARM*#0" && jtag_cable_name =~ "Digilent JTAG-SMT2 210251A08870"} -index 0
dow D:/FPGA/Z7010_MINI/z7010_uart/z7010_uart.sdk/z7010_demo/Debug/z7010_demo.elf
configparams force-mem-access 0
----------------End of Script----------------

22:47:21 INFO  : Memory regions updated for context APU
22:47:21 INFO  : Context for processor 'ps7_cortexa9_0' is selected.
22:47:21 INFO  : 'con' command is executed.
22:47:21 INFO  : ----------------XSDB Script (After Launch)----------------
targets -set -nocase -filter {name =~ "ARM*#0" && jtag_cable_name =~ "Digilent JTAG-SMT2 210251A08870"} -index 0
con
----------------End of Script----------------

22:47:21 INFO  : Launch script is exported to file 'D:\FPGA\Z7010_MINI\z7010_uart\z7010_uart.sdk\.sdk\launch_scripts\xilinx_c-c++_application_(system_debugger)\system_debugger_using_debug_z7010_demo.elf_on_local.tcl'
22:47:30 INFO  : Disconnected from the channel tcfchan#1.
22:47:31 INFO  : 'targets -set -filter {jtag_cable_name =~ "Digilent JTAG-SMT2 210251A08870" && level==0} -index 1' command is executed.
22:47:31 INFO  : 'fpga -state' command is executed.
22:47:32 INFO  : Connected to target on host '127.0.0.1' and port '3121'.
22:47:32 INFO  : Jtag cable 'Digilent JTAG-SMT2 210251A08870' is selected.
22:47:32 INFO  : 'jtag frequency' command is executed.
22:47:32 INFO  : Sourcing of 'D:/FPGA/Z7010_MINI/z7010_uart/z7010_uart.sdk/system_wrapper_hw_platform_0/ps7_init.tcl' is done.
22:47:32 INFO  : Context for 'APU' is selected.
22:47:33 INFO  : Hardware design information is loaded from 'D:/FPGA/Z7010_MINI/z7010_uart/z7010_uart.sdk/system_wrapper_hw_platform_0/system.hdf'.
22:47:33 INFO  : 'configparams force-mem-access 1' command is executed.
22:47:33 INFO  : Context for 'APU' is selected.
22:47:33 INFO  : 'stop' command is executed.
22:47:33 INFO  : 'ps7_init' command is executed.
22:47:33 INFO  : 'ps7_post_config' command is executed.
22:47:33 INFO  : Context for processor 'ps7_cortexa9_0' is selected.
22:47:33 INFO  : Processor reset is completed for 'ps7_cortexa9_0'.
22:47:33 INFO  : Context for processor 'ps7_cortexa9_0' is selected.
22:47:33 INFO  : The application 'D:/FPGA/Z7010_MINI/z7010_uart/z7010_uart.sdk/z7010_demo/Debug/z7010_demo.elf' is downloaded to processor 'ps7_cortexa9_0'.
22:47:33 INFO  : 'configparams force-mem-access 0' command is executed.
22:47:33 INFO  : ----------------XSDB Script----------------
connect -url tcp:127.0.0.1:3121
source D:/FPGA/Z7010_MINI/z7010_uart/z7010_uart.sdk/system_wrapper_hw_platform_0/ps7_init.tcl
targets -set -nocase -filter {name =~"APU*" && jtag_cable_name =~ "Digilent JTAG-SMT2 210251A08870"} -index 0
loadhw -hw D:/FPGA/Z7010_MINI/z7010_uart/z7010_uart.sdk/system_wrapper_hw_platform_0/system.hdf -mem-ranges [list {0x40000000 0xbfffffff}]
configparams force-mem-access 1
targets -set -nocase -filter {name =~"APU*" && jtag_cable_name =~ "Digilent JTAG-SMT2 210251A08870"} -index 0
stop
ps7_init
ps7_post_config
targets -set -nocase -filter {name =~ "ARM*#0" && jtag_cable_name =~ "Digilent JTAG-SMT2 210251A08870"} -index 0
rst -processor
targets -set -nocase -filter {name =~ "ARM*#0" && jtag_cable_name =~ "Digilent JTAG-SMT2 210251A08870"} -index 0
dow D:/FPGA/Z7010_MINI/z7010_uart/z7010_uart.sdk/z7010_demo/Debug/z7010_demo.elf
configparams force-mem-access 0
----------------End of Script----------------

22:47:33 INFO  : Memory regions updated for context APU
22:47:33 INFO  : Context for processor 'ps7_cortexa9_0' is selected.
22:47:33 INFO  : 'con' command is executed.
22:47:33 INFO  : ----------------XSDB Script (After Launch)----------------
targets -set -nocase -filter {name =~ "ARM*#0" && jtag_cable_name =~ "Digilent JTAG-SMT2 210251A08870"} -index 0
con
----------------End of Script----------------

22:47:33 INFO  : Launch script is exported to file 'D:\FPGA\Z7010_MINI\z7010_uart\z7010_uart.sdk\.sdk\launch_scripts\xilinx_c-c++_application_(system_debugger)\system_debugger_using_debug_z7010_demo.elf_on_local.tcl'
22:47:36 INFO  : Disconnected from the channel tcfchan#2.
